This is pdfTeX, Version 3.1415926-2.5-1.40.14 (TeX Live 2013/Debian) (format=pdflatex 2016.1.23)  20 JUN 2016 20:36
entering extended mode
 restricted \write18 enabled.
 %&-line parsing enabled.
**tesisdeteccionincendios.tex
(./tesisdeteccionincendios.tex
LaTeX2e <2011/06/27>
Babel <3.9h> and hyphenation patterns for 7 languages loaded.
(/usr/share/texlive/texmf-dist/tex/latex/base/book.cls
Document Class: book 2007/10/19 v1.4h Standard LaTeX document class
(/usr/share/texlive/texmf-dist/tex/latex/base/bk12.clo
File: bk12.clo 2007/10/19 v1.4h Standard LaTeX file (size option)
)
\c@part=\count79
\c@chapter=\count80
\c@section=\count81
\c@subsection=\count82
\c@subsubsection=\count83
\c@paragraph=\count84
\c@subparagraph=\count85
\c@figure=\count86
\c@table=\count87
\abovecaptionskip=\skip41
\belowcaptionskip=\skip42
\bibindent=\dimen102
)
(/usr/share/texlive/texmf-dist/tex/generic/babel/babel.sty
Package: babel 2013/12/03 3.9h The Babel package

(/usr/share/texlive/texmf-dist/tex/generic/babel-spanish/spanish.ldf
Language: spanish.ldf 2014/01/29 v5.0m Spanish support from the babel system

(/usr/share/texlive/texmf-dist/tex/generic/babel/babel.def
File: babel.def 2013/12/03 3.9h Babel common definitions
\babel@savecnt=\count88
\U@D=\dimen103
)
\es@datefmt=\count89
\es@quottoks=\toks14
\es@quotdepth=\count90
Package babel Info: Making " an active character on input line 496.
Package babel Info: Making . an active character on input line 599.
Package babel Info: Making < an active character on input line 644.
Package babel Info: Making > an active character on input line 644.
))
(/usr/share/texlive/texmf-dist/tex/latex/base/inputenc.sty
Package: inputenc 2008/03/30 v1.1d Input encoding file
\inpenc@prehook=\toks15
\inpenc@posthook=\toks16

(/usr/share/texlive/texmf-dist/tex/latex/base/utf8.def
File: utf8.def 2008/04/05 v1.1m UTF-8 support for inputenc
Now handling font encoding OML ...
... no UTF-8 mapping file for font encoding OML
Now handling font encoding T1 ...
... processing UTF-8 mapping file for font encoding T1

(/usr/share/texlive/texmf-dist/tex/latex/base/t1enc.dfu
File: t1enc.dfu 2008/04/05 v1.1m UTF-8 support for inputenc
   defining Unicode char U+00A1 (decimal 161)
   defining Unicode char U+00A3 (decimal 163)
   defining Unicode char U+00AB (decimal 171)
   defining Unicode char U+00BB (decimal 187)
   defining Unicode char U+00BF (decimal 191)
   defining Unicode char U+00C0 (decimal 192)
   defining Unicode char U+00C1 (decimal 193)
   defining Unicode char U+00C2 (decimal 194)
   defining Unicode char U+00C3 (decimal 195)
   defining Unicode char U+00C4 (decimal 196)
   defining Unicode char U+00C5 (decimal 197)
   defining Unicode char U+00C6 (decimal 198)
   defining Unicode char U+00C7 (decimal 199)
   defining Unicode char U+00C8 (decimal 200)
   defining Unicode char U+00C9 (decimal 201)
   defining Unicode char U+00CA (decimal 202)
   defining Unicode char U+00CB (decimal 203)
   defining Unicode char U+00CC (decimal 204)
   defining Unicode char U+00CD (decimal 205)
   defining Unicode char U+00CE (decimal 206)
   defining Unicode char U+00CF (decimal 207)
   defining Unicode char U+00D0 (decimal 208)
   defining Unicode char U+00D1 (decimal 209)
   defining Unicode char U+00D2 (decimal 210)
   defining Unicode char U+00D3 (decimal 211)
   defining Unicode char U+00D4 (decimal 212)
   defining Unicode char U+00D5 (decimal 213)
   defining Unicode char U+00D6 (decimal 214)
   defining Unicode char U+00D8 (decimal 216)
   defining Unicode char U+00D9 (decimal 217)
   defining Unicode char U+00DA (decimal 218)
   defining Unicode char U+00DB (decimal 219)
   defining Unicode char U+00DC (decimal 220)
   defining Unicode char U+00DD (decimal 221)
   defining Unicode char U+00DE (decimal 222)
   defining Unicode char U+00DF (decimal 223)
   defining Unicode char U+00E0 (decimal 224)
   defining Unicode char U+00E1 (decimal 225)
   defining Unicode char U+00E2 (decimal 226)
   defining Unicode char U+00E3 (decimal 227)
   defining Unicode char U+00E4 (decimal 228)
   defining Unicode char U+00E5 (decimal 229)
   defining Unicode char U+00E6 (decimal 230)
   defining Unicode char U+00E7 (decimal 231)
   defining Unicode char U+00E8 (decimal 232)
   defining Unicode char U+00E9 (decimal 233)
   defining Unicode char U+00EA (decimal 234)
   defining Unicode char U+00EB (decimal 235)
   defining Unicode char U+00EC (decimal 236)
   defining Unicode char U+00ED (decimal 237)
   defining Unicode char U+00EE (decimal 238)
   defining Unicode char U+00EF (decimal 239)
   defining Unicode char U+00F0 (decimal 240)
   defining Unicode char U+00F1 (decimal 241)
   defining Unicode char U+00F2 (decimal 242)
   defining Unicode char U+00F3 (decimal 243)
   defining Unicode char U+00F4 (decimal 244)
   defining Unicode char U+00F5 (decimal 245)
   defining Unicode char U+00F6 (decimal 246)
   defining Unicode char U+00F8 (decimal 248)
   defining Unicode char U+00F9 (decimal 249)
   defining Unicode char U+00FA (decimal 250)
   defining Unicode char U+00FB (decimal 251)
   defining Unicode char U+00FC (decimal 252)
   defining Unicode char U+00FD (decimal 253)
   defining Unicode char U+00FE (decimal 254)
   defining Unicode char U+00FF (decimal 255)
   defining Unicode char U+0102 (decimal 258)
   defining Unicode char U+0103 (decimal 259)
   defining Unicode char U+0104 (decimal 260)
   defining Unicode char U+0105 (decimal 261)
   defining Unicode char U+0106 (decimal 262)
   defining Unicode char U+0107 (decimal 263)
   defining Unicode char U+010C (decimal 268)
   defining Unicode char U+010D (decimal 269)
   defining Unicode char U+010E (decimal 270)
   defining Unicode char U+010F (decimal 271)
   defining Unicode char U+0110 (decimal 272)
   defining Unicode char U+0111 (decimal 273)
   defining Unicode char U+0118 (decimal 280)
   defining Unicode char U+0119 (decimal 281)
   defining Unicode char U+011A (decimal 282)
   defining Unicode char U+011B (decimal 283)
   defining Unicode char U+011E (decimal 286)
   defining Unicode char U+011F (decimal 287)
   defining Unicode char U+0130 (decimal 304)
   defining Unicode char U+0131 (decimal 305)
   defining Unicode char U+0132 (decimal 306)
   defining Unicode char U+0133 (decimal 307)
   defining Unicode char U+0139 (decimal 313)
   defining Unicode char U+013A (decimal 314)
   defining Unicode char U+013D (decimal 317)
   defining Unicode char U+013E (decimal 318)
   defining Unicode char U+0141 (decimal 321)
   defining Unicode char U+0142 (decimal 322)
   defining Unicode char U+0143 (decimal 323)
   defining Unicode char U+0144 (decimal 324)
   defining Unicode char U+0147 (decimal 327)
   defining Unicode char U+0148 (decimal 328)
   defining Unicode char U+014A (decimal 330)
   defining Unicode char U+014B (decimal 331)
   defining Unicode char U+0150 (decimal 336)
   defining Unicode char U+0151 (decimal 337)
   defining Unicode char U+0152 (decimal 338)
   defining Unicode char U+0153 (decimal 339)
   defining Unicode char U+0154 (decimal 340)
   defining Unicode char U+0155 (decimal 341)
   defining Unicode char U+0158 (decimal 344)
   defining Unicode char U+0159 (decimal 345)
   defining Unicode char U+015A (decimal 346)
   defining Unicode char U+015B (decimal 347)
   defining Unicode char U+015E (decimal 350)
   defining Unicode char U+015F (decimal 351)
   defining Unicode char U+0160 (decimal 352)
   defining Unicode char U+0161 (decimal 353)
   defining Unicode char U+0162 (decimal 354)
   defining Unicode char U+0163 (decimal 355)
   defining Unicode char U+0164 (decimal 356)
   defining Unicode char U+0165 (decimal 357)
   defining Unicode char U+016E (decimal 366)
   defining Unicode char U+016F (decimal 367)
   defining Unicode char U+0170 (decimal 368)
   defining Unicode char U+0171 (decimal 369)
   defining Unicode char U+0178 (decimal 376)
   defining Unicode char U+0179 (decimal 377)
   defining Unicode char U+017A (decimal 378)
   defining Unicode char U+017B (decimal 379)
   defining Unicode char U+017C (decimal 380)
   defining Unicode char U+017D (decimal 381)
   defining Unicode char U+017E (decimal 382)
   defining Unicode char U+200C (decimal 8204)
   defining Unicode char U+2013 (decimal 8211)
   defining Unicode char U+2014 (decimal 8212)
   defining Unicode char U+2018 (decimal 8216)
   defining Unicode char U+2019 (decimal 8217)
   defining Unicode char U+201A (decimal 8218)
   defining Unicode char U+201C (decimal 8220)
   defining Unicode char U+201D (decimal 8221)
   defining Unicode char U+201E (decimal 8222)
   defining Unicode char U+2030 (decimal 8240)
   defining Unicode char U+2031 (decimal 8241)
   defining Unicode char U+2039 (decimal 8249)
   defining Unicode char U+203A (decimal 8250)
   defining Unicode char U+2423 (decimal 9251)
)
Now handling font encoding OT1 ...
... processing UTF-8 mapping file for font encoding OT1

(/usr/share/texlive/texmf-dist/tex/latex/base/ot1enc.dfu
File: ot1enc.dfu 2008/04/05 v1.1m UTF-8 support for inputenc
   defining Unicode char U+00A1 (decimal 161)
   defining Unicode char U+00A3 (decimal 163)
   defining Unicode char U+00B8 (decimal 184)
   defining Unicode char U+00BF (decimal 191)
   defining Unicode char U+00C5 (decimal 197)
   defining Unicode char U+00C6 (decimal 198)
   defining Unicode char U+00D8 (decimal 216)
   defining Unicode char U+00DF (decimal 223)
   defining Unicode char U+00E6 (decimal 230)
   defining Unicode char U+00EC (decimal 236)
   defining Unicode char U+00ED (decimal 237)
   defining Unicode char U+00EE (decimal 238)
   defining Unicode char U+00EF (decimal 239)
   defining Unicode char U+00F8 (decimal 248)
   defining Unicode char U+0131 (decimal 305)
   defining Unicode char U+0141 (decimal 321)
   defining Unicode char U+0142 (decimal 322)
   defining Unicode char U+0152 (decimal 338)
   defining Unicode char U+0153 (decimal 339)
   defining Unicode char U+2013 (decimal 8211)
   defining Unicode char U+2014 (decimal 8212)
   defining Unicode char U+2018 (decimal 8216)
   defining Unicode char U+2019 (decimal 8217)
   defining Unicode char U+201C (decimal 8220)
   defining Unicode char U+201D (decimal 8221)
)
Now handling font encoding OMS ...
... processing UTF-8 mapping file for font encoding OMS

(/usr/share/texlive/texmf-dist/tex/latex/base/omsenc.dfu
File: omsenc.dfu 2008/04/05 v1.1m UTF-8 support for inputenc
   defining Unicode char U+00A7 (decimal 167)
   defining Unicode char U+00B6 (decimal 182)
   defining Unicode char U+00B7 (decimal 183)
   defining Unicode char U+2020 (decimal 8224)
   defining Unicode char U+2021 (decimal 8225)
   defining Unicode char U+2022 (decimal 8226)
)
Now handling font encoding OMX ...
... no UTF-8 mapping file for font encoding OMX
Now handling font encoding U ...
... no UTF-8 mapping file for font encoding U
   defining Unicode char U+00A9 (decimal 169)
   defining Unicode char U+00AA (decimal 170)
   defining Unicode char U+00AE (decimal 174)
   defining Unicode char U+00BA (decimal 186)
   defining Unicode char U+02C6 (decimal 710)
   defining Unicode char U+02DC (decimal 732)
   defining Unicode char U+200C (decimal 8204)
   defining Unicode char U+2026 (decimal 8230)
   defining Unicode char U+2122 (decimal 8482)
   defining Unicode char U+2423 (decimal 9251)
))
(/usr/share/texlive/texmf-dist/tex/latex/graphics/graphicx.sty
Package: graphicx 1999/02/16 v1.0f Enhanced LaTeX Graphics (DPC,SPQR)

(/usr/share/texlive/texmf-dist/tex/latex/graphics/keyval.sty
Package: keyval 1999/03/16 v1.13 key=value parser (DPC)
\KV@toks@=\toks17
)
(/usr/share/texlive/texmf-dist/tex/latex/graphics/graphics.sty
Package: graphics 2009/02/05 v1.0o Standard LaTeX Graphics (DPC,SPQR)

(/usr/share/texlive/texmf-dist/tex/latex/graphics/trig.sty
Package: trig 1999/03/16 v1.09 sin cos tan (DPC)
)
(/usr/share/texlive/texmf-dist/tex/latex/latexconfig/graphics.cfg
File: graphics.cfg 2010/04/23 v1.9 graphics configuration of TeX Live
)
Package graphics Info: Driver file: pdftex.def on input line 91.

(/usr/share/texlive/texmf-dist/tex/latex/pdftex-def/pdftex.def
File: pdftex.def 2011/05/27 v0.06d Graphics/color for pdfTeX

(/usr/share/texlive/texmf-dist/tex/generic/oberdiek/infwarerr.sty
Package: infwarerr 2010/04/08 v1.3 Providing info/warning/error messages (HO)
)
(/usr/share/texlive/texmf-dist/tex/generic/oberdiek/ltxcmds.sty
Package: ltxcmds 2011/11/09 v1.22 LaTeX kernel commands for general use (HO)
)
\Gread@gobject=\count91
))
\Gin@req@height=\dimen104
\Gin@req@width=\dimen105
)
(/usr/share/texlive/texmf-dist/tex/latex/adjustbox/adjustbox.sty
Package: adjustbox 2012/05/21 v1.0 Adjusting TeX boxes (trim, clip, ...)

(/usr/share/texlive/texmf-dist/tex/latex/xkeyval/xkeyval.sty
Package: xkeyval 2012/10/14 v2.6b package option processing (HA)

(/usr/share/texlive/texmf-dist/tex/generic/xkeyval/xkeyval.tex
\XKV@toks=\toks18
\XKV@tempa@toks=\toks19
\XKV@depth=\count92
File: xkeyval.tex 2012/10/14 v2.6b key=value parser (HA)
))
(/usr/share/texlive/texmf-dist/tex/latex/adjustbox/adjcalc.sty
Package: adjcalc 2012/05/16 v1.1 Provides advanced setlength with multiple back
-ends (calc, etex, pgfmath)
)
(/usr/share/texlive/texmf-dist/tex/latex/adjustbox/trimclip.sty
Package: trimclip 2012/05/16 v1.0 Trim and clip general TeX material

(/usr/share/texlive/texmf-dist/tex/latex/collectbox/collectbox.sty
Package: collectbox 2012/05/17 v0.4b Collect macro arguments as boxes
\collectedbox=\box26
)
\tc@llx=\dimen106
\tc@lly=\dimen107
\tc@urx=\dimen108
\tc@ury=\dimen109
Package trimclip Info: Using driver 'tc-pdftex.def'.

(/usr/share/texlive/texmf-dist/tex/latex/adjustbox/tc-pdftex.def
File: tc-pdftex.def 2012/05/13 v1.0 Clipping driver for pdftex
))
\adjbox@Width=\dimen110
\adjbox@Height=\dimen111
\adjbox@Depth=\dimen112
\adjbox@Totalheight=\dimen113

(/usr/share/texlive/texmf-dist/tex/latex/ifoddpage/ifoddpage.sty
Package: ifoddpage 2011/09/13 v1.0 Conditionals for odd/even page detection
\c@checkoddpage=\count93
)
(/usr/share/texlive/texmf-dist/tex/latex/varwidth/varwidth.sty
Package: varwidth 2009/03/30 ver 0.92;  Variable-width minipages
\@vwid@box=\box27
\sift@deathcycles=\count94
\@vwid@loff=\dimen114
\@vwid@roff=\dimen115
))
(/usr/share/texlive/texmf-dist/tex/latex/subfigure/subfigure.sty
Package: subfigure 2002/03/15 v2.1.5 subfigure package
\subfigtopskip=\skip43
\subfigcapskip=\skip44
\subfigcaptopadj=\dimen116
\subfigbottomskip=\skip45
\subfigcapmargin=\dimen117
\subfiglabelskip=\skip46
\c@subfigure=\count95
\c@lofdepth=\count96
\c@subtable=\count97
\c@lotdepth=\count98

****************************************
* Local config file subfigure.cfg used *
****************************************
(/usr/share/texlive/texmf-dist/tex/latex/subfigure/subfigure.cfg)
\subfig@top=\skip47
\subfig@bottom=\skip48
)
(/usr/share/texlive/texmf-dist/tex/latex/multirow/multirow.sty
\bigstrutjot=\dimen118
)
(/usr/share/texlive/texmf-dist/tex/latex/fancyhdr/fancyhdr.sty
\fancy@headwidth=\skip49
\f@ncyO@elh=\skip50
\f@ncyO@erh=\skip51
\f@ncyO@olh=\skip52
\f@ncyO@orh=\skip53
\f@ncyO@elf=\skip54
\f@ncyO@erf=\skip55
\f@ncyO@olf=\skip56
\f@ncyO@orf=\skip57
)
(/usr/share/texlive/texmf-dist/tex/latex/float/float.sty
Package: float 2001/11/08 v1.3d Float enhancements (AL)
\c@float@type=\count99
\float@exts=\toks20
\float@box=\box28
\@float@everytoks=\toks21
\@floatcapt=\box29
)
(/usr/share/texlive/texmf-dist/tex/generic/ulem/ulem.sty
\UL@box=\box30
\UL@hyphenbox=\box31
\UL@skip=\skip58
\UL@hook=\toks22
\UL@height=\dimen119
\UL@pe=\count100
\UL@pixel=\dimen120
\ULC@box=\box32
Package: ulem 2012/05/18
\ULdepth=\dimen121
)
(./tesisdeteccionincendios.aux
LaTeX Info: Redefining \. on input line 7.
LaTeX Info: Redefining \% on input line 7.


LaTeX Warning: Label `fig:coleccion' multiply defined.


LaTeX Warning: Label `fig:coleccion' multiply defined.


LaTeX Warning: Label `fig:coleccion' multiply defined.


LaTeX Warning: Label `fig:coleccion' multiply defined.


LaTeX Warning: Label `fig:sectorRecorte' multiply defined.


LaTeX Warning: Label `fig:sectorRecorte' multiply defined.


LaTeX Warning: Label `fig:sectorRecorte' multiply defined.


LaTeX Warning: Label `fig:sectorRecorte' multiply defined.


LaTeX Warning: Label `fig:sectorRecorte' multiply defined.


LaTeX Warning: Label `fig:sectorRecorte' multiply defined.


LaTeX Warning: Label `fig:sectorRecorte' multiply defined.


LaTeX Warning: Label `fig:sectorRecorte' multiply defined.


LaTeX Warning: Label `fig:sectorRecorte' multiply defined.

)
\openout1 = `tesisdeteccionincendios.aux'.

LaTeX Font Info:    Checking defaults for OML/cmm/m/it on input line 12.
LaTeX Font Info:    ... okay on input line 12.
LaTeX Font Info:    Checking defaults for T1/cmr/m/n on input line 12.
LaTeX Font Info:    ... okay on input line 12.
LaTeX Font Info:    Checking defaults for OT1/cmr/m/n on input line 12.
LaTeX Font Info:    ... okay on input line 12.
LaTeX Font Info:    Checking defaults for OMS/cmsy/m/n on input line 12.
LaTeX Font Info:    ... okay on input line 12.
LaTeX Font Info:    Checking defaults for OMX/cmex/m/n on input line 12.
LaTeX Font Info:    ... okay on input line 12.
LaTeX Font Info:    Checking defaults for U/cmr/m/n on input line 12.
LaTeX Font Info:    ... okay on input line 12.
LaTeX Info: Redefining \. on input line 12.
LaTeX Info: Redefining \% on input line 12.
 (/usr/share/texlive/texmf-dist/tex/context/base/supp-pdf.mkii
[Loading MPS to PDF converter (version 2006.09.02).]
\scratchcounter=\count101
\scratchdimen=\dimen122
\scratchbox=\box33
\nofMPsegments=\count102
\nofMParguments=\count103
\everyMPshowfont=\toks23
\MPscratchCnt=\count104
\MPscratchDim=\dimen123
\MPnumerator=\count105
\makeMPintoPDFobject=\count106
\everyMPtoPDFconversion=\toks24
) (/usr/share/texlive/texmf-dist/tex/generic/oberdiek/pdftexcmds.sty
Package: pdftexcmds 2011/11/29 v0.20 Utility functions of pdfTeX for LuaTeX (HO
)

(/usr/share/texlive/texmf-dist/tex/generic/oberdiek/ifluatex.sty
Package: ifluatex 2010/03/01 v1.3 Provides the ifluatex switch (HO)
Package ifluatex Info: LuaTeX not detected.
)
(/usr/share/texlive/texmf-dist/tex/generic/oberdiek/ifpdf.sty
Package: ifpdf 2011/01/30 v2.3 Provides the ifpdf switch (HO)
Package ifpdf Info: pdfTeX in PDF mode is detected.
)
Package pdftexcmds Info: LuaTeX not detected.
Package pdftexcmds Info: \pdf@primitive is available.
Package pdftexcmds Info: \pdf@ifprimitive is available.
Package pdftexcmds Info: \pdfdraftmode found.
)
(/usr/share/texlive/texmf-dist/tex/latex/oberdiek/epstopdf-base.sty
Package: epstopdf-base 2010/02/09 v2.5 Base part for package epstopdf

(/usr/share/texlive/texmf-dist/tex/latex/oberdiek/grfext.sty
Package: grfext 2010/08/19 v1.1 Manage graphics extensions (HO)

(/usr/share/texlive/texmf-dist/tex/generic/oberdiek/kvdefinekeys.sty
Package: kvdefinekeys 2011/04/07 v1.3 Define keys (HO)
))
(/usr/share/texlive/texmf-dist/tex/latex/oberdiek/kvoptions.sty
Package: kvoptions 2011/06/30 v3.11 Key value format for package options (HO)

(/usr/share/texlive/texmf-dist/tex/generic/oberdiek/kvsetkeys.sty
Package: kvsetkeys 2012/04/25 v1.16 Key value parser (HO)

(/usr/share/texlive/texmf-dist/tex/generic/oberdiek/etexcmds.sty
Package: etexcmds 2011/02/16 v1.5 Avoid name clashes with e-TeX commands (HO)
Package etexcmds Info: Could not find \expanded.
(etexcmds)             That can mean that you are not using pdfTeX 1.50 or
(etexcmds)             that some package has redefined \expanded.
(etexcmds)             In the latter case, load this package earlier.
)))
Package grfext Info: Graphics extension search list:
(grfext)             [.png,.pdf,.jpg,.mps,.jpeg,.jbig2,.jb2,.PNG,.PDF,.JPG,.JPE
G,.JBIG2,.JB2,.eps]
(grfext)             \AppendGraphicsExtensions on input line 452.

(/usr/share/texlive/texmf-dist/tex/latex/latexconfig/epstopdf-sys.cfg
File: epstopdf-sys.cfg 2010/07/13 v1.3 Configuration of (r)epstopdf for TeX Liv
e
))
LaTeX Font Info:    External font `cmex10' loaded for size
(Font)              <12> on input line 17.
LaTeX Font Info:    External font `cmex10' loaded for size
(Font)              <8> on input line 17.
LaTeX Font Info:    External font `cmex10' loaded for size
(Font)              <6> on input line 17.

<imagenes/umss.png, id=1, 216.81pt x 320.19624pt>
File: imagenes/umss.png Graphic file (type png)
 <use imagenes/umss.png>
Package pdftex.def Info: imagenes/umss.png used on input line 18.
(pdftex.def)             Requested size: 48.1615pt x 71.13188pt.

Overfull \vbox (17.48198pt too high) detected at line 18
 []


LaTeX Font Warning: Font shape `OT1/cmr/bx/sc' undefined
(Font)              using `OT1/cmr/bx/n' instead on input line 19.

<imagenes/fcyt.jpg, id=3, 606.265pt x 599.23875pt>
File: imagenes/fcyt.jpg Graphic file (type jpg)
 <use imagenes/fcyt.jpg>
Package pdftex.def Info: imagenes/fcyt.jpg used on input line 20.
(pdftex.def)             Requested size: 71.96233pt x 71.13188pt.

Overfull \vbox (17.48198pt too high) detected at line 20
 []


Overfull \hbox (54.56163pt too wide) in paragraph at lines 17--26
 [] 
 []


Overfull \hbox (24.0pt too wide) in alignment at lines 32--36
[][]
 []

[1

{/var/lib/texmf/fonts/map/pdftex/updmap/pdftex.map} <./imagenes/umss.png> <./im
agenes/fcyt.jpg>] [2

] [1] [2

] [3] [4

] (./tesisdeteccionincendios.toc
LaTeX Info: Redefining \. on input line 1.
LaTeX Info: Redefining \% on input line 1.
 [5])
\tf@toc=\write3
\openout3 = `tesisdeteccionincendios.toc'.


[6] (./tesisdeteccionincendios.lof
LaTeX Info: Redefining \. on input line 1.
LaTeX Info: Redefining \% on input line 1.
)
\tf@lof=\write4
\openout4 = `tesisdeteccionincendios.lof'.

 [7


] [8

] (./tesisdeteccionincendios.lot
LaTeX Info: Redefining \. on input line 1.
LaTeX Info: Redefining \% on input line 1.
)
\tf@lot=\write5
\openout5 = `tesisdeteccionincendios.lot'.


(./capitulos/0resumen.tex [9

] [10

]) (./capitulos/1introduccion.tex [11]
[12

]
Cap\'{\i }tulo 1.

Underfull \vbox (badness 10000) has occurred while \output is active []

 [1])
(./capitulos/2marco_teorico.tex [2]
Cap\'{\i }tulo 2.
[3

]
Underfull \vbox (badness 10000) has occurred while \output is active []

 [4]
[5] [6]
Underfull \vbox (badness 10000) has occurred while \output is active []

 [7]
<./imagenes/tratamiento/recorte.png, id=77, 602.25pt x 401.5pt>
File: ./imagenes/tratamiento/recorte.png Graphic file (type png)

<use ./imagenes/tratamiento/recorte.png>
Package pdftex.def Info: ./imagenes/tratamiento/recorte.png used on input line 
72.
(pdftex.def)             Requested size: 195.0pt x 130.00195pt.

<./imagenes/tratamiento/coleccion.png, id=78, 180.675pt x 108.405pt>
File: ./imagenes/tratamiento/coleccion.png Graphic file (type png)

<use ./imagenes/tratamiento/coleccion.png>
Package pdftex.def Info: ./imagenes/tratamiento/coleccion.png used on input lin
e 81.
(pdftex.def)             Requested size: 195.0pt x 117.0012pt.


LaTeX Warning: `!h' float specifier changed to `!ht'.

Package epstopdf Info: Source file: <./imagenes/tratamiento/full_image.eps>
(epstopdf)                    date: 2016-03-10 07:51:40
(epstopdf)                    size: 1464309 bytes
(epstopdf)             Output file: <./imagenes/tratamiento/full_image-eps-conv
erted-to.pdf>
(epstopdf)                    date: 2016-03-10 07:52:46
(epstopdf)                    size: 95476 bytes
(epstopdf)             Command: <repstopdf --outfile=./imagenes/tratamiento/ful
l_image-eps-converted-to.pdf ./imagenes/tratamiento/full_image.eps>
(epstopdf)             \includegraphics on input line 92.
Package epstopdf Info: Output file is already uptodate.

<./imagenes/tratamiento/full_image-eps-converted-to.pdf, id=79, 602.25pt x 401.
5pt>
File: ./imagenes/tratamiento/full_image-eps-converted-to.pdf Graphic file (type
 pdf)
 <use ./imagenes/tratamiento/full_image-eps-converted-to.pdf>
Package pdftex.def Info: ./imagenes/tratamiento/full_image-eps-converted-to.pdf
 used on input line 92.
(pdftex.def)             Requested size: 234.00238pt x 156.00235pt.


LaTeX Warning: `!h' float specifier changed to `!ht'.

[8 <./imagenes/tratamiento/recorte.png>]
Package epstopdf Info: Source file: <./imagenes/tratamiento/full_image.eps>
(epstopdf)                    date: 2016-03-10 07:51:40
(epstopdf)                    size: 1464309 bytes
(epstopdf)             Output file: <./imagenes/tratamiento/full_image-eps-conv
erted-to.pdf>
(epstopdf)                    date: 2016-03-10 07:52:46
(epstopdf)                    size: 95476 bytes
(epstopdf)             Command: <repstopdf --outfile=./imagenes/tratamiento/ful
l_image-eps-converted-to.pdf ./imagenes/tratamiento/full_image.eps>
(epstopdf)             \includegraphics on input line 101.
Package epstopdf Info: Output file is already uptodate.
File: ./imagenes/tratamiento/full_image-eps-converted-to.pdf Graphic file (type
 pdf)

<use ./imagenes/tratamiento/full_image-eps-converted-to.pdf>
Package pdftex.def Info: ./imagenes/tratamiento/full_image-eps-converted-to.pdf
 used on input line 101.
(pdftex.def)             Requested size: 117.00119pt x 78.00117pt.


LaTeX Warning: `!h' float specifier changed to `!ht'.


Underfull \vbox (badness 10000) has occurred while \output is active []

 [9 <./imagenes/tratamiento/coleccion.png> <./imagenes/tratamiento/full_image-e
ps-converted-to.pdf>]
Package epstopdf Info: Source file: <./imagenes/tratamiento/full_image.eps>
(epstopdf)                    date: 2016-03-10 07:51:40
(epstopdf)                    size: 1464309 bytes
(epstopdf)             Output file: <./imagenes/tratamiento/full_image-eps-conv
erted-to.pdf>
(epstopdf)                    date: 2016-03-10 07:52:46
(epstopdf)                    size: 95476 bytes
(epstopdf)             Command: <repstopdf --outfile=./imagenes/tratamiento/ful
l_image-eps-converted-to.pdf ./imagenes/tratamiento/full_image.eps>
(epstopdf)             \includegraphics on input line 114.
Package epstopdf Info: Output file is already uptodate.
File: ./imagenes/tratamiento/full_image-eps-converted-to.pdf Graphic file (type
 pdf)
 <use ./imagenes/tratamiento/full_image-eps-converted-to.pdf>
Package pdftex.def Info: ./imagenes/tratamiento/full_image-eps-converted-to.pdf
 used on input line 114.
(pdftex.def)             Requested size: 195.0pt x 130.00195pt.
Package epstopdf Info: Source file: <./imagenes/tratamiento/image_volteada.eps>

(epstopdf)                    date: 2016-03-10 07:56:22
(epstopdf)                    size: 1464309 bytes
(epstopdf)             Output file: <./imagenes/tratamiento/image_volteada-eps-
converted-to.pdf>
(epstopdf)                    date: 2016-03-10 09:14:15
(epstopdf)                    size: 95620 bytes
(epstopdf)             Command: <repstopdf --outfile=./imagenes/tratamiento/ima
ge_volteada-eps-converted-to.pdf ./imagenes/tratamiento/image_volteada.eps>
(epstopdf)             \includegraphics on input line 121.
Package epstopdf Info: Output file is already uptodate.

<./imagenes/tratamiento/image_volteada-eps-converted-to.pdf, id=91, 602.25pt x 
401.5pt>
File: ./imagenes/tratamiento/image_volteada-eps-converted-to.pdf Graphic file (
type pdf)
 <use ./imagenes/tratamiento/image_volteada-eps-converted-to.pdf>
Package pdftex.def Info: ./imagenes/tratamiento/image_volteada-eps-converted-to
.pdf used on input line 121.
(pdftex.def)             Requested size: 195.0pt x 130.00195pt.

[10 <./imagenes/tratamiento/image_volteada-eps-converted-to.pdf>] [11] [12])
(./capitulos/3implementacion.tex [13] [14

]
Cap\'{\i }tulo 3.
[15]
LaTeX Font Info:    Try loading font information for OMS+cmr on input line 15.
 (/usr/share/texlive/texmf-dist/tex/latex/base/omscmr.fd
File: omscmr.fd 1999/05/25 v2.5h Standard LaTeX font definitions
)
LaTeX Font Info:    Font shape `OMS/cmr/m/n' in size <12> not available
(Font)              Font shape `OMS/cmsy/m/n' tried instead on input line 15.

Overfull \hbox (4.38135pt too wide) in paragraph at lines 15--16
[]\OT1/cmr/m/n/12 Procesador Cu^^Sadru-ple n^^Sucleo Intel[] Core$[]$ i3-3217U 
CPU @ 1.80GHz. 
 []

[16] [17] <imagenes/anotacion.png, id=123, 1539.7525pt x 634.37pt>
File: imagenes/anotacion.png Graphic file (type png)

<use imagenes/anotacion.png>
Package pdftex.def Info: imagenes/anotacion.png used on input line 46.
(pdftex.def)             Requested size: 390.0pt x 160.67323pt.

Overfull \hbox (0.79999pt too wide) in paragraph at lines 46--48
 [][] 
 []

<imagenes/generacionmodelo.png, id=124, 1539.7525pt x 656.4525pt>
File: imagenes/generacionmodelo.png Graphic file (type png)

<use imagenes/generacionmodelo.png>
Package pdftex.def Info: imagenes/generacionmodelo.png used on input line 56.
(pdftex.def)             Requested size: 390.0pt x 166.2663pt.

Overfull \hbox (0.79999pt too wide) in paragraph at lines 56--58
 [][] 
 []


Underfull \vbox (badness 10000) has occurred while \output is active []

 [18 <./imagenes/anotacion.png>] <imagenes/sistema.png, id=129, 1539.7525pt x 6
26.34pt>
File: imagenes/sistema.png Graphic file (type png)

<use imagenes/sistema.png>
Package pdftex.def Info: imagenes/sistema.png used on input line 70.
(pdftex.def)             Requested size: 390.0pt x 158.6394pt.

Overfull \hbox (0.79999pt too wide) in paragraph at lines 70--72
 [][] 
 []


Underfull \vbox (badness 10000) has occurred while \output is active []

 [19 <./imagenes/generacionmodelo.png>]
Overfull \hbox (44.88437pt too wide) in paragraph at lines 86--115
 [] 
 []


LaTeX Warning: `!h' float specifier changed to `!ht'.


Underfull \vbox (badness 10000) has occurred while \output is active []

 [20 <./imagenes/sistema.png>]
Underfull \vbox (badness 4913) has occurred while \output is active []

 [21]
<imagenes/1conjuntos.png, id=141, 606.265pt x 459.7175pt>
File: imagenes/1conjuntos.png Graphic file (type png)

<use imagenes/1conjuntos.png>
Package pdftex.def Info: imagenes/1conjuntos.png used on input line 148.
(pdftex.def)             Requested size: 390.0pt x 295.73337pt.

Overfull \hbox (0.79999pt too wide) in paragraph at lines 148--150
 [][] 
 []


Underfull \vbox (badness 2065) has occurred while \output is active []

 [22]
<imagenes/1matriz.png, id=145, 589.20125pt x 345.29pt>
File: imagenes/1matriz.png Graphic file (type png)

<use imagenes/1matriz.png>
Package pdftex.def Info: imagenes/1matriz.png used on input line 162.
(pdftex.def)             Requested size: 390.0pt x 228.55594pt.

Overfull \hbox (0.79999pt too wide) in paragraph at lines 162--164
 [][] 
 []

[23 <./imagenes/1conjuntos.png>]
<imagenes/1refinacion.png, id=151, 654.445pt x 454.69875pt>
File: imagenes/1refinacion.png Graphic file (type png)

<use imagenes/1refinacion.png>
Package pdftex.def Info: imagenes/1refinacion.png used on input line 176.
(pdftex.def)             Requested size: 390.0pt x 270.96193pt.

Overfull \hbox (0.79999pt too wide) in paragraph at lines 176--178
 [][] 
 []


Underfull \vbox (badness 10000) has occurred while \output is active []

 [24 <./imagenes/1matriz.png>]
Underfull \vbox (badness 10000) has occurred while \output is active []

 [25 <./imagenes/1refinacion.png>]
<imagenes/1bootstraping.png, id=160, 583.17876pt x 202.7575pt>
File: imagenes/1bootstraping.png Graphic file (type png)

<use imagenes/1bootstraping.png>
Package pdftex.def Info: imagenes/1bootstraping.png used on input line 192.
(pdftex.def)             Requested size: 390.0pt x 135.5962pt.

Overfull \hbox (0.79999pt too wide) in paragraph at lines 192--194
 [][] 
 []

[26 <./imagenes/1bootstraping.png>]
<imagenes/1aprendizajeactivo.png, id=165, 584.1825pt x 258.9675pt>
File: imagenes/1aprendizajeactivo.png Graphic file (type png)

<use imagenes/1aprendizajeactivo.png>
Package pdftex.def Info: imagenes/1aprendizajeactivo.png used on input line 210
.
(pdftex.def)             Requested size: 390.0pt x 172.89087pt.

Overfull \hbox (0.79999pt too wide) in paragraph at lines 210--212
 [][] 
 []

[27 <./imagenes/1aprendizajeactivo.png>] [28] [29])
(./capitulos/4experimentacion.tex [30]
Cap\'{\i }tulo 4.
<imagenes/1matrizconfusion.png, id=180, 515.9275pt x 194.7275pt>
File: imagenes/1matrizconfusion.png Graphic file (type png)

<use imagenes/1matrizconfusion.png>
Package pdftex.def Info: imagenes/1matrizconfusion.png used on input line 11.
(pdftex.def)             Requested size: 390.0pt x 147.20406pt.

Overfull \hbox (0.79999pt too wide) in paragraph at lines 11--13
 [][] 
 []


Underfull \vbox (badness 10000) has occurred while \output is active []

 [31

]
Underfull \vbox (badness 3098) has occurred while \output is active []

 [32 <./imagenes/1matrizconfusion.png>] [33] [34]) (./capitulos/5conclusiones.t
ex [35]
[36

]
Cap\'{\i }tulo 5.
) [37] [38

] (./tesisdeteccionincendios.bbl [39] [40

]) [41]
(./tesisdeteccionincendios.aux
LaTeX Info: Redefining \. on input line 7.
LaTeX Info: Redefining \% on input line 7.
)

LaTeX Font Warning: Some font shapes were not available, defaults substituted.


LaTeX Warning: There were multiply-defined labels.

 ) 
Here is how much of TeX's memory you used:
 3742 strings out of 494925
 52571 string characters out of 6178544
 118285 words of memory out of 5000000
 6829 multiletter control sequences out of 15000+600000
 9561 words of font info for 34 fonts, out of 8000000 for 9000
 62 hyphenation exceptions out of 8191
 38i,12n,43p,852b,359s stack positions out of 5000i,500n,10000p,200000b,80000s
</usr/share/texlive/texmf-dist/fonts/type1/public/amsfonts/cm/cmbx12.pfb></us
r/share/texlive/texmf-dist/fonts/type1/public/amsfonts/cm/cmcsc10.pfb></usr/sha
re/texlive/texmf-dist/fonts/type1/public/amsfonts/cm/cmmi12.pfb></usr/share/tex
live/texmf-dist/fonts/type1/public/amsfonts/cm/cmmi8.pfb></usr/share/texlive/te
xmf-dist/fonts/type1/public/amsfonts/cm/cmr12.pfb></usr/share/texlive/texmf-dis
t/fonts/type1/public/amsfonts/cm/cmr17.pfb></usr/share/texlive/texmf-dist/fonts
/type1/public/amsfonts/cm/cmr8.pfb></usr/share/texlive/texmf-dist/fonts/type1/p
ublic/amsfonts/cm/cmsy10.pfb></usr/share/texlive/texmf-dist/fonts/type1/public/
amsfonts/cm/cmti12.pfb>
Output written on tesisdeteccionincendios.pdf (55 pages, 1840553 bytes).
PDF statistics:
 253 PDF objects out of 1000 (max. 8388607)
 156 compressed objects within 2 object streams
 0 named destinations out of 1000 (max. 500000)
 76 words of extra memory for PDF output out of 10000 (max. 10000000)

